<?xml version="1.0" encoding="UTF-8"?>
<testng-results ignored="0" total="4" passed="4" failed="0" skipped="0">
  <reporter-output>
  </reporter-output>
  <suite started-at="2024-11-30T16:30:47 CST" name="Default suite" finished-at="2024-11-30T16:30:50 CST" duration-ms="3529">
    <groups>
    </groups>
    <test started-at="2024-11-30T16:30:47 CST" name="Default test" finished-at="2024-11-30T16:30:50 CST" duration-ms="3529">
      <class name="api.test.Usertests">
        <test-method is-config="true" signature="SetupData()[pri:0, instance:api.test.Usertests@217ed35e]" started-at="2024-11-30T16:30:47 CST" name="SetupData" finished-at="2024-11-30T16:30:47 CST" duration-ms="150" status="PASS">
          <reporter-output>
          </reporter-output>
        </test-method> <!-- SetupData -->
        <test-method signature="testPostUser()[pri:1, instance:api.test.Usertests@217ed35e]" started-at="2024-11-30T16:30:47 CST" name="testPostUser" finished-at="2024-11-30T16:30:49 CST" duration-ms="1968" status="PASS">
          <reporter-output>
          </reporter-output>
        </test-method> <!-- testPostUser -->
        <test-method signature="testGetUser()[pri:2, instance:api.test.Usertests@217ed35e]" started-at="2024-11-30T16:30:49 CST" name="testGetUser" finished-at="2024-11-30T16:30:49 CST" duration-ms="379" status="PASS">
          <reporter-output>
          </reporter-output>
        </test-method> <!-- testGetUser -->
        <test-method signature="testUpdateUser()[pri:3, instance:api.test.Usertests@217ed35e]" started-at="2024-11-30T16:30:49 CST" name="testUpdateUser" finished-at="2024-11-30T16:30:50 CST" duration-ms="667" status="PASS">
          <reporter-output>
          </reporter-output>
        </test-method> <!-- testUpdateUser -->
        <test-method signature="testDeleteUser()[pri:4, instance:api.test.Usertests@217ed35e]" started-at="2024-11-30T16:30:50 CST" name="testDeleteUser" finished-at="2024-11-30T16:30:50 CST" duration-ms="326" status="PASS">
          <reporter-output>
          </reporter-output>
        </test-method> <!-- testDeleteUser -->
      </class> <!-- api.test.Usertests -->
    </test> <!-- Default test -->
  </suite> <!-- Default suite -->
</testng-results>
