<?xml version="1.0" encoding="UTF-8"?>
<testng-results ignored="0" total="4" passed="4" failed="0" skipped="0">
  <reporter-output>
  </reporter-output>
  <suite started-at="2024-12-01T19:31:12 CST" name="Default suite" finished-at="2024-12-01T19:31:16 CST" duration-ms="3763">
    <groups>
    </groups>
    <test started-at="2024-12-01T19:31:12 CST" name="Default test" finished-at="2024-12-01T19:31:16 CST" duration-ms="3763">
      <class name="api.test.Usertests">
        <test-method is-config="true" signature="SetupData()[pri:0, instance:api.test.Usertests@139982de]" started-at="2024-12-01T19:31:13 CST" name="SetupData" finished-at="2024-12-01T19:31:13 CST" duration-ms="187" status="PASS">
          <reporter-output>
          </reporter-output>
        </test-method> <!-- SetupData -->
        <test-method signature="testPostUser()[pri:1, instance:api.test.Usertests@139982de]" started-at="2024-12-01T19:31:13 CST" name="testPostUser" finished-at="2024-12-01T19:31:15 CST" duration-ms="2400" status="PASS">
          <reporter-output>
          </reporter-output>
        </test-method> <!-- testPostUser -->
        <test-method signature="testGetUser()[pri:2, instance:api.test.Usertests@139982de]" started-at="2024-12-01T19:31:15 CST" name="testGetUser" finished-at="2024-12-01T19:31:15 CST" duration-ms="304" status="PASS">
          <reporter-output>
          </reporter-output>
        </test-method> <!-- testGetUser -->
        <test-method signature="testUpdateUser()[pri:3, instance:api.test.Usertests@139982de]" started-at="2024-12-01T19:31:15 CST" name="testUpdateUser" finished-at="2024-12-01T19:31:16 CST" duration-ms="543" status="PASS">
          <reporter-output>
          </reporter-output>
        </test-method> <!-- testUpdateUser -->
        <test-method signature="testDeleteUser()[pri:4, instance:api.test.Usertests@139982de]" started-at="2024-12-01T19:31:16 CST" name="testDeleteUser" finished-at="2024-12-01T19:31:16 CST" duration-ms="288" status="PASS">
          <reporter-output>
          </reporter-output>
        </test-method> <!-- testDeleteUser -->
      </class> <!-- api.test.Usertests -->
    </test> <!-- Default test -->
  </suite> <!-- Default suite -->
</testng-results>
