<?xml version="1.0" encoding="UTF-8"?>
<!-- Generated by org.testng.reporters.JUnitXMLReporter -->
<testsuite ignored="0" hostname="MacBook-Pro.lan" failures="0" tests="4" name="Default test" time="3.529" errors="0" timestamp="2024-11-30T16:30:50 CST">
  <testcase classname="api.test.Usertests" name="testPostUser" time="1.968"/>
  <testcase classname="api.test.Usertests" name="testGetUser" time="0.379"/>
  <testcase classname="api.test.Usertests" name="testUpdateUser" time="0.667"/>
  <testcase classname="api.test.Usertests" name="testDeleteUser" time="0.326"/>
</testsuite> <!-- Default test -->
