<?xml version="1.0" encoding="UTF-8"?>
<!-- Generated by org.testng.reporters.JUnitXMLReporter -->
<testsuite ignored="0" hostname="MacBook-Pro.lan" failures="0" tests="4" name="Default test" time="3.763" errors="0" timestamp="2024-12-01T19:31:16 CST">
  <testcase classname="api.test.Usertests" name="testPostUser" time="2.4"/>
  <testcase classname="api.test.Usertests" name="testGetUser" time="0.304"/>
  <testcase classname="api.test.Usertests" name="testUpdateUser" time="0.543"/>
  <testcase classname="api.test.Usertests" name="testDeleteUser" time="0.288"/>
</testsuite> <!-- Default test -->
